[2023-05-01T17:53:27.475] [DEBUG] default - create entity
[2023-05-01T17:53:27.478] [DEBUG] default - create entity
[2023-05-01T17:53:27.478] [DEBUG] default - create entity
[2023-05-01T17:53:27.478] [DEBUG] default - create entity
[2023-05-01T17:53:27.479] [DEBUG] default - create entity
[2023-05-01T17:53:27.479] [DEBUG] default - create entity
[2023-05-01T17:53:27.479] [DEBUG] default - create entity
[2023-05-01T17:53:27.479] [DEBUG] default - create entity
[2023-05-01T17:53:27.480] [DEBUG] default - create entity
[2023-05-01T17:53:27.480] [DEBUG] default - create entity
[2023-05-01T17:53:47.475] [DEBUG] default - truncate db
[2023-05-01T17:54:07.477] [DEBUG] default - truncate db
[2023-05-01T17:54:27.482] [DEBUG] default - truncate db
[2023-05-01T17:54:47.488] [DEBUG] default - truncate db
[2023-05-01T18:25:28.685] [DEBUG] default - send db
[2023-05-01T18:25:30.549] [DEBUG] default - send db
[2023-05-01T18:25:43.074] [DEBUG] default - fetch from 1
[2023-05-01T18:25:43.096] [DEBUG] default - fetch from 2
[2023-05-01T18:25:47.440] [DEBUG] default - fetch from 1
[2023-05-01T18:25:47.441] [DEBUG] default - fetch from 2
[2023-05-01T18:25:53.089] [DEBUG] default - fetch from 1
[2023-05-01T18:25:53.105] [DEBUG] default - fetch from 2
[2023-05-01T18:25:57.446] [DEBUG] default - fetch from 1
[2023-05-01T18:25:57.448] [DEBUG] default - fetch from 2
[2023-05-01T18:26:03.104] [DEBUG] default - fetch from 1
[2023-05-01T18:26:03.105] [DEBUG] default - fetch from 2
[2023-05-01T18:26:04.151] [DEBUG] default - error 1
[2023-05-01T18:26:04.152] [DEBUG] default - error 2
[2023-05-01T18:26:07.461] [DEBUG] default - fetch from 1
[2023-05-01T18:26:07.463] [DEBUG] default - fetch from 2
[2023-05-01T18:26:08.471] [DEBUG] default - error 1
[2023-05-01T18:26:08.472] [DEBUG] default - error 2
[2023-05-01T18:26:13.117] [DEBUG] default - fetch from 1
[2023-05-01T18:26:13.119] [DEBUG] default - fetch from 2
[2023-05-01T18:26:14.146] [DEBUG] default - error 1
[2023-05-01T18:26:14.146] [DEBUG] default - error 2
[2023-05-01T18:26:17.472] [DEBUG] default - fetch from 1
[2023-05-01T18:26:17.476] [DEBUG] default - fetch from 2
[2023-05-01T18:26:18.496] [DEBUG] default - error 1
[2023-05-01T18:26:18.496] [DEBUG] default - error 2
[2023-05-01T18:26:23.131] [DEBUG] default - fetch from 1
[2023-05-01T18:26:23.134] [DEBUG] default - fetch from 2
[2023-05-01T18:26:24.142] [DEBUG] default - error 1
[2023-05-01T18:26:24.143] [DEBUG] default - error 2
[2023-05-01T18:26:27.484] [DEBUG] default - fetch from 1
[2023-05-01T18:26:27.487] [DEBUG] default - fetch from 2
[2023-05-01T18:26:28.513] [DEBUG] default - error 1
[2023-05-01T18:26:28.514] [DEBUG] default - error 2
[2023-05-01T18:26:33.143] [DEBUG] default - fetch from 1
[2023-05-01T18:26:33.145] [DEBUG] default - fetch from 2
[2023-05-01T18:26:34.154] [DEBUG] default - error 2
[2023-05-01T18:26:34.154] [DEBUG] default - error 1
[2023-05-01T18:26:37.495] [DEBUG] default - fetch from 1
[2023-05-01T18:26:37.496] [DEBUG] default - fetch from 2
[2023-05-01T18:26:38.509] [DEBUG] default - error 2
[2023-05-01T18:26:38.509] [DEBUG] default - error 1
[2023-05-01T18:26:43.147] [DEBUG] default - fetch from 1
[2023-05-01T18:26:43.148] [DEBUG] default - fetch from 2
[2023-05-01T18:26:44.181] [DEBUG] default - error 2
[2023-05-01T18:26:44.181] [DEBUG] default - error 1
[2023-05-01T18:26:47.497] [DEBUG] default - fetch from 1
[2023-05-01T18:26:47.498] [DEBUG] default - fetch from 2
[2023-05-01T18:26:48.524] [DEBUG] default - error 1
[2023-05-01T18:26:48.525] [DEBUG] default - error 2
[2023-05-01T18:26:53.151] [DEBUG] default - fetch from 1
[2023-05-01T18:26:53.154] [DEBUG] default - fetch from 2
[2023-05-01T18:26:54.175] [DEBUG] default - error 2
[2023-05-01T18:26:54.175] [DEBUG] default - error 1
[2023-05-01T18:26:57.505] [DEBUG] default - fetch from 1
[2023-05-01T18:26:57.506] [DEBUG] default - fetch from 2
[2023-05-01T18:26:58.551] [DEBUG] default - error 2
[2023-05-01T18:26:58.552] [DEBUG] default - error 1
[2023-05-01T18:27:03.161] [DEBUG] default - fetch from 1
[2023-05-01T18:27:03.162] [DEBUG] default - fetch from 2
[2023-05-01T18:27:04.189] [DEBUG] default - error 1
[2023-05-01T18:27:04.189] [DEBUG] default - error 2
[2023-05-01T18:27:07.510] [DEBUG] default - fetch from 1
[2023-05-01T18:27:07.511] [DEBUG] default - fetch from 2
[2023-05-01T18:27:08.523] [DEBUG] default - error 1
[2023-05-01T18:27:08.524] [DEBUG] default - error 2
[2023-05-01T18:27:13.172] [DEBUG] default - fetch from 1
[2023-05-01T18:27:13.173] [DEBUG] default - fetch from 2
[2023-05-01T18:27:14.197] [DEBUG] default - error 2
[2023-05-01T18:27:14.197] [DEBUG] default - error 1
[2023-05-01T18:27:17.516] [DEBUG] default - fetch from 1
[2023-05-01T18:27:17.517] [DEBUG] default - fetch from 2
[2023-05-01T18:27:18.541] [DEBUG] default - error 2
[2023-05-01T18:27:18.556] [DEBUG] default - error 1
[2023-05-01T18:27:23.175] [DEBUG] default - fetch from 1
[2023-05-01T18:27:23.178] [DEBUG] default - fetch from 2
[2023-05-01T18:27:24.202] [DEBUG] default - error 1
[2023-05-01T18:27:24.203] [DEBUG] default - error 2
[2023-05-01T18:27:27.518] [DEBUG] default - fetch from 1
[2023-05-01T18:27:27.519] [DEBUG] default - fetch from 2
[2023-05-01T18:27:28.563] [DEBUG] default - error 2
[2023-05-01T18:27:28.564] [DEBUG] default - error 1
[2023-05-01T18:27:33.189] [DEBUG] default - fetch from 1
[2023-05-01T18:27:33.190] [DEBUG] default - fetch from 2
[2023-05-01T18:27:34.203] [DEBUG] default - error 2
[2023-05-01T18:27:34.204] [DEBUG] default - error 1
[2023-05-01T18:27:37.530] [DEBUG] default - fetch from 1
[2023-05-01T18:27:37.530] [DEBUG] default - fetch from 2
[2023-05-01T18:27:38.556] [DEBUG] default - error 1
[2023-05-01T18:27:38.556] [DEBUG] default - error 2
[2023-05-01T18:27:43.203] [DEBUG] default - fetch from 1
[2023-05-01T18:27:43.205] [DEBUG] default - fetch from 2
[2023-05-01T18:27:44.228] [DEBUG] default - error 2
[2023-05-01T18:27:44.229] [DEBUG] default - error 1
[2023-05-01T18:27:47.536] [DEBUG] default - fetch from 1
[2023-05-01T18:27:47.537] [DEBUG] default - fetch from 2
[2023-05-01T18:27:48.552] [DEBUG] default - error 2
[2023-05-01T18:27:48.552] [DEBUG] default - error 1
[2023-05-01T18:27:53.205] [DEBUG] default - fetch from 1
[2023-05-01T18:27:53.208] [DEBUG] default - fetch from 2
[2023-05-01T18:27:54.215] [DEBUG] default - error 2
[2023-05-01T18:27:54.216] [DEBUG] default - error 1
[2023-05-01T18:27:57.537] [DEBUG] default - fetch from 1
[2023-05-01T18:27:57.540] [DEBUG] default - fetch from 2
[2023-05-01T18:27:58.575] [DEBUG] default - error 1
[2023-05-01T18:27:58.576] [DEBUG] default - error 2
[2023-05-01T18:28:00.939] [DEBUG] default - create entity
[2023-05-01T18:28:00.944] [DEBUG] default - create entity
[2023-05-01T18:28:00.945] [DEBUG] default - create entity
[2023-05-01T18:28:00.945] [DEBUG] default - create entity
[2023-05-01T18:28:00.945] [DEBUG] default - create entity
[2023-05-01T18:28:00.946] [DEBUG] default - create entity
[2023-05-01T18:28:00.946] [DEBUG] default - create entity
[2023-05-01T18:28:00.947] [DEBUG] default - create entity
[2023-05-01T18:28:00.947] [DEBUG] default - create entity
[2023-05-01T18:28:00.947] [DEBUG] default - create entity
[2023-05-01T18:28:03.207] [DEBUG] default - fetch from 1
[2023-05-01T18:28:03.209] [DEBUG] default - fetch from 2
[2023-05-01T18:28:04.232] [DEBUG] default - error 2
[2023-05-01T18:28:04.247] [DEBUG] default - error 1
[2023-05-01T18:28:07.549] [DEBUG] default - fetch from 1
[2023-05-01T18:28:07.550] [DEBUG] default - fetch from 2
[2023-05-01T18:28:08.598] [DEBUG] default - error 1
[2023-05-01T18:28:08.599] [DEBUG] default - error 2
[2023-05-01T18:28:10.489] [DEBUG] default - send db
[2023-05-01T18:28:20.932] [DEBUG] default - truncate db
[2023-05-01T18:28:40.928] [DEBUG] default - truncate db
[2023-05-01T18:29:00.931] [DEBUG] default - truncate db
[2023-05-01T18:29:20.931] [DEBUG] default - truncate db
[2023-05-01T18:29:40.932] [DEBUG] default - truncate db
[2023-05-01T18:30:00.962] [DEBUG] default - truncate db
[2023-05-01T18:30:20.939] [DEBUG] default - truncate db
[2023-05-01T18:30:40.954] [DEBUG] default - truncate db
[2023-05-01T18:33:48.798] [DEBUG] default - fetch from 1
[2023-05-01T18:33:48.824] [DEBUG] default - fetch from 2
[2023-05-01T18:33:58.799] [DEBUG] default - fetch from 1
[2023-05-01T18:33:58.830] [DEBUG] default - fetch from 2
[2023-05-01T18:34:08.803] [DEBUG] default - fetch from 1
[2023-05-01T18:34:08.834] [DEBUG] default - fetch from 2
[2023-05-01T18:34:09.862] [DEBUG] default - error 2
[2023-05-01T18:34:09.863] [DEBUG] default - error 1
[2023-05-01T18:34:18.808] [DEBUG] default - fetch from 1
[2023-05-01T18:34:18.839] [DEBUG] default - fetch from 2
[2023-05-01T18:34:19.866] [DEBUG] default - error 1
[2023-05-01T18:34:19.882] [DEBUG] default - error 2
[2023-05-01T18:34:28.821] [DEBUG] default - fetch from 1
[2023-05-01T18:34:28.852] [DEBUG] default - fetch from 2
[2023-05-01T18:34:29.844] [DEBUG] default - error 1
[2023-05-01T18:34:29.874] [DEBUG] default - error 2
[2023-05-01T18:34:38.825] [DEBUG] default - fetch from 1
[2023-05-01T18:34:38.856] [DEBUG] default - fetch from 2
[2023-05-01T18:34:39.865] [DEBUG] default - error 1
[2023-05-01T18:34:39.895] [DEBUG] default - error 2
[2023-05-01T18:34:48.836] [DEBUG] default - fetch from 1
[2023-05-01T18:34:48.866] [DEBUG] default - fetch from 2
[2023-05-01T18:34:49.847] [DEBUG] default - error 1
[2023-05-01T18:34:49.893] [DEBUG] default - error 2
[2023-05-01T18:34:58.840] [DEBUG] default - fetch from 1
[2023-05-01T18:34:58.871] [DEBUG] default - fetch from 2
[2023-05-01T18:34:59.847] [DEBUG] default - error 1
[2023-05-01T18:34:59.879] [DEBUG] default - error 2
[2023-05-01T18:35:08.844] [DEBUG] default - fetch from 1
[2023-05-01T18:35:08.876] [DEBUG] default - fetch from 2
[2023-05-01T18:35:09.888] [DEBUG] default - error 1
[2023-05-01T18:35:09.919] [DEBUG] default - error 2
[2023-05-01T18:35:18.860] [DEBUG] default - fetch from 1
[2023-05-01T18:35:18.890] [DEBUG] default - fetch from 2
[2023-05-01T18:35:19.882] [DEBUG] default - error 1
[2023-05-01T18:35:19.912] [DEBUG] default - error 2
[2023-05-01T18:35:21.620] [DEBUG] default - send db
[2023-05-01T18:35:24.758] [DEBUG] default - send db
[2023-05-01T18:35:25.725] [DEBUG] default - send db
[2023-05-01T18:35:26.607] [DEBUG] default - send db
[2023-05-01T18:35:27.366] [DEBUG] default - send db
[2023-05-01T18:35:28.220] [DEBUG] default - send db
[2023-05-01T18:35:28.868] [DEBUG] default - fetch from 1
[2023-05-01T18:35:28.899] [DEBUG] default - fetch from 2
[2023-05-01T18:35:28.910] [DEBUG] default - send db
[2023-05-01T18:35:29.776] [DEBUG] default - send db
[2023-05-01T18:35:29.897] [DEBUG] default - error 1
[2023-05-01T18:35:29.927] [DEBUG] default - error 2
[2023-05-01T18:35:30.791] [DEBUG] default - send db
[2023-05-01T18:35:31.629] [DEBUG] default - send db
[2023-05-01T18:35:32.403] [DEBUG] default - send db
[2023-05-01T18:35:33.152] [DEBUG] default - send db
[2023-05-01T18:35:33.914] [DEBUG] default - send db
[2023-05-01T18:35:34.484] [DEBUG] default - send db
[2023-05-01T18:35:35.041] [DEBUG] default - send db
[2023-05-01T18:35:35.646] [DEBUG] default - send db
[2023-05-01T18:35:38.118] [DEBUG] default - send db
[2023-05-01T18:35:38.881] [DEBUG] default - fetch from 1
[2023-05-01T18:35:38.911] [DEBUG] default - fetch from 2
[2023-05-01T18:35:38.945] [DEBUG] default - send db
[2023-05-01T18:35:39.905] [DEBUG] default - error 1
[2023-05-01T18:35:39.936] [DEBUG] default - error 2
[2023-05-01T18:35:48.892] [DEBUG] default - fetch from 1
[2023-05-01T18:35:48.923] [DEBUG] default - fetch from 2
[2023-05-01T18:35:49.900] [DEBUG] default - error 1
[2023-05-01T18:35:49.930] [DEBUG] default - error 2
[2023-05-01T18:35:58.892] [DEBUG] default - fetch from 1
[2023-05-01T18:35:58.923] [DEBUG] default - fetch from 2
[2023-05-01T18:35:59.918] [DEBUG] default - error 1
[2023-05-01T18:35:59.949] [DEBUG] default - error 2
[2023-05-01T18:36:08.896] [DEBUG] default - fetch from 1
[2023-05-01T18:36:08.927] [DEBUG] default - fetch from 2
[2023-05-01T18:36:09.942] [DEBUG] default - error 1
[2023-05-01T18:36:09.974] [DEBUG] default - error 2
[2023-05-01T18:36:18.907] [DEBUG] default - fetch from 1
[2023-05-01T18:36:18.939] [DEBUG] default - fetch from 2
[2023-05-01T18:36:19.937] [DEBUG] default - error 1
[2023-05-01T18:36:19.967] [DEBUG] default - error 2
[2023-05-01T18:36:28.912] [DEBUG] default - fetch from 1
[2023-05-01T18:36:28.943] [DEBUG] default - fetch from 2
[2023-05-01T18:36:29.959] [DEBUG] default - error 1
[2023-05-01T18:36:29.990] [DEBUG] default - error 2
[2023-05-01T18:36:38.922] [DEBUG] default - fetch from 1
[2023-05-01T18:36:38.953] [DEBUG] default - fetch from 2
[2023-05-01T18:36:39.951] [DEBUG] default - error 1
[2023-05-01T18:36:39.981] [DEBUG] default - error 2
[2023-05-01T18:36:48.923] [DEBUG] default - fetch from 1
[2023-05-01T18:36:48.956] [DEBUG] default - fetch from 2
[2023-05-01T18:36:49.971] [DEBUG] default - error 1
[2023-05-01T18:36:50.002] [DEBUG] default - error 2
[2023-05-01T18:36:52.088] [DEBUG] default - send db
[2023-05-01T18:36:52.793] [DEBUG] default - send db
[2023-05-01T18:36:53.351] [DEBUG] default - send db
[2023-05-01T18:36:58.929] [DEBUG] default - fetch from 1
[2023-05-01T18:36:58.961] [DEBUG] default - fetch from 2
[2023-05-01T18:36:59.959] [DEBUG] default - error 1
[2023-05-01T18:36:59.991] [DEBUG] default - error 2
[2023-05-01T18:37:08.936] [DEBUG] default - fetch from 1
[2023-05-01T18:37:08.966] [DEBUG] default - fetch from 2
[2023-05-01T18:37:09.968] [DEBUG] default - error 1
[2023-05-01T18:37:10.001] [DEBUG] default - error 2
[2023-05-01T18:37:18.937] [DEBUG] default - fetch from 1
[2023-05-01T18:37:18.968] [DEBUG] default - fetch from 2
[2023-05-01T18:37:19.964] [DEBUG] default - error 1
[2023-05-01T18:37:19.995] [DEBUG] default - error 2
[2023-05-01T18:37:28.944] [DEBUG] default - fetch from 1
[2023-05-01T18:37:28.976] [DEBUG] default - fetch from 2
[2023-05-01T18:37:29.971] [DEBUG] default - error 1
[2023-05-01T18:37:30.001] [DEBUG] default - error 2
[2023-05-01T18:37:38.958] [DEBUG] default - fetch from 1
[2023-05-01T18:37:38.990] [DEBUG] default - fetch from 2
[2023-05-01T18:37:39.985] [DEBUG] default - error 1
[2023-05-01T18:37:40.016] [DEBUG] default - error 2
[2023-05-01T18:37:48.962] [DEBUG] default - fetch from 1
[2023-05-01T18:37:48.994] [DEBUG] default - fetch from 2
[2023-05-01T18:37:49.992] [DEBUG] default - error 1
[2023-05-01T18:37:50.022] [DEBUG] default - error 2
[2023-05-01T18:37:58.976] [DEBUG] default - fetch from 1
[2023-05-01T18:37:59.007] [DEBUG] default - fetch from 2
[2023-05-01T18:38:00.003] [DEBUG] default - error 1
[2023-05-01T18:38:00.033] [DEBUG] default - error 2
[2023-05-01T18:38:08.978] [DEBUG] default - fetch from 1
[2023-05-01T18:38:09.010] [DEBUG] default - fetch from 2
[2023-05-01T18:38:10.004] [DEBUG] default - error 1
[2023-05-01T18:38:10.036] [DEBUG] default - error 2
[2023-05-01T18:38:18.982] [DEBUG] default - fetch from 1
[2023-05-01T18:38:19.012] [DEBUG] default - fetch from 2
[2023-05-01T18:38:20.025] [DEBUG] default - error 1
[2023-05-01T18:38:20.055] [DEBUG] default - error 2
[2023-05-01T18:38:28.982] [DEBUG] default - fetch from 1
[2023-05-01T18:38:29.028] [DEBUG] default - fetch from 2
[2023-05-01T18:38:30.008] [DEBUG] default - error 1
[2023-05-01T18:38:30.054] [DEBUG] default - error 2
[2023-05-01T18:38:38.984] [DEBUG] default - fetch from 1
[2023-05-01T18:38:39.031] [DEBUG] default - fetch from 2
[2023-05-01T18:38:40.014] [DEBUG] default - error 1
[2023-05-01T18:38:40.060] [DEBUG] default - error 2
[2023-05-01T18:38:48.985] [DEBUG] default - fetch from 1
[2023-05-01T18:38:49.031] [DEBUG] default - fetch from 2
[2023-05-01T18:38:50.030] [DEBUG] default - error 1
[2023-05-01T18:38:50.076] [DEBUG] default - error 2
[2023-05-01T18:38:58.999] [DEBUG] default - fetch from 1
[2023-05-01T18:38:59.045] [DEBUG] default - fetch from 2
[2023-05-01T18:39:00.043] [DEBUG] default - error 1
[2023-05-01T18:39:00.075] [DEBUG] default - error 2
[2023-05-01T18:39:09.011] [DEBUG] default - fetch from 1
[2023-05-01T18:39:09.058] [DEBUG] default - fetch from 2
[2023-05-01T18:39:10.053] [DEBUG] default - error 1
[2023-05-01T18:39:10.101] [DEBUG] default - error 2
[2023-05-01T18:39:19.016] [DEBUG] default - fetch from 1
[2023-05-01T18:39:19.063] [DEBUG] default - fetch from 2
[2023-05-01T18:39:20.047] [DEBUG] default - error 1
[2023-05-01T18:39:20.094] [DEBUG] default - error 2
[2023-05-01T18:39:29.025] [DEBUG] default - fetch from 1
[2023-05-01T18:39:29.071] [DEBUG] default - fetch from 2
[2023-05-01T18:39:30.051] [DEBUG] default - error 1
[2023-05-01T18:39:30.098] [DEBUG] default - error 2
[2023-05-01T18:39:50.482] [DEBUG] default - send db
[2023-05-01T18:39:50.994] [DEBUG] default - send db
[2023-05-01T18:39:51.821] [DEBUG] default - send db
[2023-05-01T18:39:57.209] [DEBUG] default - send db
[2023-05-01T18:40:00.680] [DEBUG] default - send db
[2023-05-01T18:40:01.626] [DEBUG] default - send db
[2023-05-01T18:40:02.129] [DEBUG] default - send db
[2023-05-01T18:40:04.126] [DEBUG] default - fetch from 1
[2023-05-01T18:40:04.146] [DEBUG] default - fetch from 2
[2023-05-01T18:40:04.150] [DEBUG] default - error 1
[2023-05-01T18:40:04.151] [DEBUG] default - error 2
[2023-05-01T18:40:14.140] [DEBUG] default - fetch from 1
[2023-05-01T18:40:14.142] [DEBUG] default - error 1
[2023-05-01T18:40:14.156] [DEBUG] default - fetch from 2
[2023-05-01T18:40:14.158] [DEBUG] default - error 2
[2023-05-01T18:40:24.146] [DEBUG] default - fetch from 1
[2023-05-01T18:40:24.147] [DEBUG] default - error 1
[2023-05-01T18:40:24.161] [DEBUG] default - fetch from 2
[2023-05-01T18:40:24.164] [DEBUG] default - error 2
[2023-05-01T18:40:34.153] [DEBUG] default - fetch from 1
[2023-05-01T18:40:34.157] [DEBUG] default - error 1
[2023-05-01T18:40:34.169] [DEBUG] default - fetch from 2
[2023-05-01T18:40:34.172] [DEBUG] default - error 2
[2023-05-01T18:40:44.166] [DEBUG] default - fetch from 1
[2023-05-01T18:40:44.169] [DEBUG] default - error 1
[2023-05-01T18:40:44.181] [DEBUG] default - fetch from 2
[2023-05-01T18:40:44.184] [DEBUG] default - error 2
[2023-05-01T18:40:54.171] [DEBUG] default - fetch from 1
[2023-05-01T18:40:54.173] [DEBUG] default - error 1
[2023-05-01T18:40:54.187] [DEBUG] default - fetch from 2
[2023-05-01T18:40:54.190] [DEBUG] default - error 2
[2023-05-01T18:41:04.186] [DEBUG] default - fetch from 1
[2023-05-01T18:41:04.188] [DEBUG] default - fetch from 2
[2023-05-01T18:41:04.189] [DEBUG] default - error 1
[2023-05-01T18:41:04.190] [DEBUG] default - error 2
[2023-05-01T18:41:14.191] [DEBUG] default - fetch from 1
[2023-05-01T18:41:14.193] [DEBUG] default - fetch from 2
[2023-05-01T18:41:14.196] [DEBUG] default - error 1
[2023-05-01T18:41:14.196] [DEBUG] default - error 2
[2023-05-01T18:41:24.195] [DEBUG] default - fetch from 1
[2023-05-01T18:41:24.198] [DEBUG] default - fetch from 2
[2023-05-01T18:41:24.199] [DEBUG] default - error 1
[2023-05-01T18:41:24.199] [DEBUG] default - error 2
[2023-05-01T18:41:34.201] [DEBUG] default - fetch from 1
[2023-05-01T18:41:34.204] [DEBUG] default - fetch from 2
[2023-05-01T18:41:34.205] [DEBUG] default - error 1
[2023-05-01T18:41:34.205] [DEBUG] default - error 2
[2023-05-01T18:41:44.215] [DEBUG] default - fetch from 1
[2023-05-01T18:41:44.216] [DEBUG] default - fetch from 2
[2023-05-01T18:41:44.217] [DEBUG] default - error 1
[2023-05-01T18:41:44.217] [DEBUG] default - error 2
[2023-05-01T18:41:54.218] [DEBUG] default - fetch from 1
[2023-05-01T18:41:54.219] [DEBUG] default - fetch from 2
[2023-05-01T18:41:54.220] [DEBUG] default - error 1
[2023-05-01T18:41:54.220] [DEBUG] default - error 2
[2023-05-01T18:42:04.226] [DEBUG] default - fetch from 1
[2023-05-01T18:42:04.227] [DEBUG] default - fetch from 2
[2023-05-01T18:42:04.229] [DEBUG] default - error 1
[2023-05-01T18:42:04.229] [DEBUG] default - error 2
[2023-05-01T18:42:14.237] [DEBUG] default - fetch from 1
[2023-05-01T18:42:14.239] [DEBUG] default - fetch from 2
[2023-05-01T18:42:14.241] [DEBUG] default - error 1
[2023-05-01T18:42:14.242] [DEBUG] default - error 2
[2023-05-01T18:42:24.246] [DEBUG] default - fetch from 1
[2023-05-01T18:42:24.249] [DEBUG] default - fetch from 2
[2023-05-01T18:42:24.250] [DEBUG] default - error 1
[2023-05-01T18:42:24.250] [DEBUG] default - error 2
[2023-05-01T18:42:34.255] [DEBUG] default - fetch from 1
[2023-05-01T18:42:34.257] [DEBUG] default - fetch from 2
[2023-05-01T18:42:34.258] [DEBUG] default - error 1
[2023-05-01T18:42:34.258] [DEBUG] default - error 2
[2023-05-01T18:42:44.269] [DEBUG] default - fetch from 1
[2023-05-01T18:42:44.271] [DEBUG] default - fetch from 2
[2023-05-01T18:42:44.274] [DEBUG] default - error 1
[2023-05-01T18:42:44.274] [DEBUG] default - error 2
[2023-05-01T18:42:54.273] [DEBUG] default - fetch from 1
[2023-05-01T18:42:54.274] [DEBUG] default - fetch from 2
[2023-05-01T18:42:54.275] [DEBUG] default - error 1
[2023-05-01T18:42:54.275] [DEBUG] default - error 2
[2023-05-01T18:43:04.284] [DEBUG] default - fetch from 1
[2023-05-01T18:43:04.284] [DEBUG] default - fetch from 2
[2023-05-01T18:43:04.285] [DEBUG] default - error 1
[2023-05-01T18:43:04.285] [DEBUG] default - error 2
[2023-05-01T18:43:14.296] [DEBUG] default - fetch from 1
[2023-05-01T18:43:14.297] [DEBUG] default - fetch from 2
[2023-05-01T18:43:14.298] [DEBUG] default - error 1
[2023-05-01T18:43:14.298] [DEBUG] default - error 2
[2023-05-01T18:43:24.297] [DEBUG] default - fetch from 1
[2023-05-01T18:43:24.298] [DEBUG] default - fetch from 2
[2023-05-01T18:43:24.300] [DEBUG] default - error 1
[2023-05-01T18:43:24.300] [DEBUG] default - error 2
[2023-05-01T18:43:34.307] [DEBUG] default - fetch from 1
[2023-05-01T18:43:34.309] [DEBUG] default - fetch from 2
[2023-05-01T18:43:34.313] [DEBUG] default - error 1
[2023-05-01T18:43:34.313] [DEBUG] default - error 2
[2023-05-01T18:43:44.321] [DEBUG] default - fetch from 1
[2023-05-01T18:43:44.322] [DEBUG] default - fetch from 2
[2023-05-01T18:43:44.325] [DEBUG] default - error 1
[2023-05-01T18:43:44.326] [DEBUG] default - error 2
[2023-05-01T18:43:54.335] [DEBUG] default - fetch from 1
[2023-05-01T18:43:54.337] [DEBUG] default - fetch from 2
[2023-05-01T18:43:54.339] [DEBUG] default - error 1
[2023-05-01T18:43:54.339] [DEBUG] default - error 2
[2023-05-01T18:44:16.986] [DEBUG] default - fetch from 1
[2023-05-01T18:44:17.003] [DEBUG] default - fetch from 2
[2023-05-01T18:44:17.008] [DEBUG] default - error 2
[2023-05-01T18:44:17.008] [DEBUG] default - error 1
[2023-05-01T18:44:26.995] [DEBUG] default - fetch from 1
[2023-05-01T18:44:26.997] [DEBUG] default - error 1
[2023-05-01T18:44:27.011] [DEBUG] default - fetch from 2
[2023-05-01T18:44:27.012] [DEBUG] default - error 2
[2023-05-01T18:44:36.996] [DEBUG] default - fetch from 1
[2023-05-01T18:44:36.997] [DEBUG] default - error 1
[2023-05-01T18:44:37.011] [DEBUG] default - fetch from 2
[2023-05-01T18:44:37.017] [DEBUG] default - error 2
[2023-05-01T18:44:46.996] [DEBUG] default - fetch from 1
[2023-05-01T18:44:46.998] [DEBUG] default - error 1
[2023-05-01T18:44:47.012] [DEBUG] default - fetch from 2
[2023-05-01T18:44:47.014] [DEBUG] default - error 2
[2023-05-01T18:44:57.010] [DEBUG] default - fetch from 1
[2023-05-01T18:44:57.014] [DEBUG] default - fetch from 2
[2023-05-01T18:44:57.015] [DEBUG] default - error 1
[2023-05-01T18:44:57.016] [DEBUG] default - error 2
[2023-05-01T18:45:07.012] [DEBUG] default - fetch from 1
[2023-05-01T18:45:07.013] [DEBUG] default - error 1
[2023-05-01T18:45:07.013] [DEBUG] default - fetch from 2
[2023-05-01T18:45:07.014] [DEBUG] default - error 2
[2023-05-01T18:45:17.022] [DEBUG] default - fetch from 1
[2023-05-01T18:45:17.024] [DEBUG] default - fetch from 2
[2023-05-01T18:45:17.025] [DEBUG] default - error 1
[2023-05-01T18:45:17.026] [DEBUG] default - error 2
[2023-05-01T18:45:27.025] [DEBUG] default - fetch from 1
[2023-05-01T18:45:27.026] [DEBUG] default - fetch from 2
[2023-05-01T18:45:27.027] [DEBUG] default - error 1
[2023-05-01T18:45:27.027] [DEBUG] default - error 2
[2023-05-01T18:45:37.036] [DEBUG] default - fetch from 1
[2023-05-01T18:45:37.038] [DEBUG] default - fetch from 2
[2023-05-01T18:45:37.041] [DEBUG] default - error 1
[2023-05-01T18:45:37.041] [DEBUG] default - error 2
[2023-05-01T18:45:47.036] [DEBUG] default - fetch from 1
[2023-05-01T18:45:47.037] [DEBUG] default - error 1
[2023-05-01T18:45:47.038] [DEBUG] default - fetch from 2
[2023-05-01T18:45:47.039] [DEBUG] default - error 2
[2023-05-01T18:45:57.040] [DEBUG] default - fetch from 1
[2023-05-01T18:45:57.043] [DEBUG] default - fetch from 2
[2023-05-01T18:45:57.046] [DEBUG] default - error 1
[2023-05-01T18:45:57.046] [DEBUG] default - error 2
[2023-05-01T18:46:07.048] [DEBUG] default - fetch from 1
[2023-05-01T18:46:07.049] [DEBUG] default - fetch from 2
[2023-05-01T18:46:07.050] [DEBUG] default - error 1
[2023-05-01T18:46:07.051] [DEBUG] default - error 2
[2023-05-01T18:46:17.060] [DEBUG] default - fetch from 1
[2023-05-01T18:46:17.061] [DEBUG] default - fetch from 2
[2023-05-01T18:46:17.065] [DEBUG] default - error 1
[2023-05-01T18:46:17.066] [DEBUG] default - error 2
[2023-05-01T18:46:23.915] [DEBUG] default - send db
[2023-05-01T18:46:27.074] [DEBUG] default - fetch from 1
[2023-05-01T18:46:27.074] [DEBUG] default - fetch from 2
[2023-05-01T18:46:27.075] [DEBUG] default - error 1
[2023-05-01T18:46:27.075] [DEBUG] default - error 2
[2023-05-01T18:46:27.112] [DEBUG] default - send db
[2023-05-01T18:46:27.749] [DEBUG] default - send db
[2023-05-01T18:46:28.246] [DEBUG] default - send db
[2023-05-01T18:46:28.440] [DEBUG] default - send db
[2023-05-01T18:46:28.629] [DEBUG] default - send db
[2023-05-01T18:46:28.787] [DEBUG] default - send db
[2023-05-01T18:46:28.948] [DEBUG] default - send db
[2023-05-01T18:46:29.108] [DEBUG] default - send db
[2023-05-01T18:46:29.260] [DEBUG] default - send db
[2023-05-01T18:46:29.420] [DEBUG] default - send db
[2023-05-01T18:46:29.586] [DEBUG] default - send db
[2023-05-01T18:46:29.754] [DEBUG] default - send db
[2023-05-01T18:46:29.916] [DEBUG] default - send db
[2023-05-01T18:46:30.082] [DEBUG] default - send db
[2023-05-01T18:46:37.075] [DEBUG] default - fetch from 1
[2023-05-01T18:46:37.076] [DEBUG] default - fetch from 2
[2023-05-01T18:46:37.078] [DEBUG] default - error 1
[2023-05-01T18:46:37.079] [DEBUG] default - error 2
[2023-05-01T18:46:47.088] [DEBUG] default - fetch from 1
[2023-05-01T18:46:47.088] [DEBUG] default - fetch from 2
[2023-05-01T18:46:47.089] [DEBUG] default - error 1
[2023-05-01T18:46:47.090] [DEBUG] default - error 2
[2023-05-01T18:46:57.101] [DEBUG] default - fetch from 1
[2023-05-01T18:46:57.103] [DEBUG] default - fetch from 2
[2023-05-01T18:46:57.106] [DEBUG] default - error 1
[2023-05-01T18:46:57.106] [DEBUG] default - error 2
[2023-05-01T18:47:07.108] [DEBUG] default - fetch from 1
[2023-05-01T18:47:07.110] [DEBUG] default - fetch from 2
[2023-05-01T18:47:07.112] [DEBUG] default - error 1
[2023-05-01T18:47:07.113] [DEBUG] default - error 2
[2023-05-01T18:47:17.118] [DEBUG] default - fetch from 1
[2023-05-01T18:47:17.119] [DEBUG] default - fetch from 2
[2023-05-01T18:47:17.119] [DEBUG] default - error 1
[2023-05-01T18:47:17.120] [DEBUG] default - error 2
[2023-05-01T18:47:27.129] [DEBUG] default - fetch from 1
[2023-05-01T18:47:27.129] [DEBUG] default - fetch from 2
[2023-05-01T18:47:27.130] [DEBUG] default - error 1
[2023-05-01T18:47:27.130] [DEBUG] default - error 2
[2023-05-01T18:47:37.137] [DEBUG] default - fetch from 1
[2023-05-01T18:47:37.137] [DEBUG] default - fetch from 2
[2023-05-01T18:47:37.138] [DEBUG] default - error 1
[2023-05-01T18:47:37.138] [DEBUG] default - error 2
[2023-05-01T18:47:47.139] [DEBUG] default - fetch from 1
[2023-05-01T18:47:47.140] [DEBUG] default - fetch from 2
[2023-05-01T18:47:47.141] [DEBUG] default - error 1
[2023-05-01T18:47:47.141] [DEBUG] default - error 2
[2023-05-01T18:47:57.139] [DEBUG] default - fetch from 1
[2023-05-01T18:47:57.143] [DEBUG] default - fetch from 2
[2023-05-01T18:47:57.144] [DEBUG] default - error 1
[2023-05-01T18:47:57.145] [DEBUG] default - error 2
[2023-05-01T18:48:07.151] [DEBUG] default - fetch from 1
[2023-05-01T18:48:07.151] [DEBUG] default - fetch from 2
[2023-05-01T18:48:07.152] [DEBUG] default - error 1
[2023-05-01T18:48:07.152] [DEBUG] default - error 2
[2023-05-01T18:48:17.162] [DEBUG] default - fetch from 1
[2023-05-01T18:48:17.163] [DEBUG] default - fetch from 2
[2023-05-01T18:48:17.164] [DEBUG] default - error 1
[2023-05-01T18:48:17.164] [DEBUG] default - error 2
[2023-05-01T18:48:27.166] [DEBUG] default - fetch from 1
[2023-05-01T18:48:27.167] [DEBUG] default - fetch from 2
[2023-05-01T18:48:27.168] [DEBUG] default - error 1
[2023-05-01T18:48:27.168] [DEBUG] default - error 2
[2023-05-01T18:48:37.178] [DEBUG] default - fetch from 1
[2023-05-01T18:48:37.180] [DEBUG] default - fetch from 2
[2023-05-01T18:48:37.182] [DEBUG] default - error 1
[2023-05-01T18:48:37.182] [DEBUG] default - error 2
[2023-05-01T18:48:47.190] [DEBUG] default - fetch from 1
[2023-05-01T18:48:47.192] [DEBUG] default - fetch from 2
[2023-05-01T18:48:47.193] [DEBUG] default - error 1
[2023-05-01T18:48:47.193] [DEBUG] default - error 2
[2023-05-01T18:48:57.197] [DEBUG] default - fetch from 1
[2023-05-01T18:48:57.198] [DEBUG] default - fetch from 2
[2023-05-01T18:48:57.201] [DEBUG] default - error 1
[2023-05-01T18:48:57.201] [DEBUG] default - error 2
[2023-05-01T18:49:07.203] [DEBUG] default - fetch from 1
[2023-05-01T18:49:07.203] [DEBUG] default - fetch from 2
[2023-05-01T18:49:07.204] [DEBUG] default - error 1
[2023-05-01T18:49:07.204] [DEBUG] default - error 2
[2023-05-01T18:49:17.217] [DEBUG] default - fetch from 1
[2023-05-01T18:49:17.219] [DEBUG] default - fetch from 2
[2023-05-01T18:49:17.221] [DEBUG] default - error 1
[2023-05-01T18:49:17.221] [DEBUG] default - error 2
[2023-05-01T18:49:27.222] [DEBUG] default - fetch from 1
[2023-05-01T18:49:27.223] [DEBUG] default - fetch from 2
[2023-05-01T18:49:27.224] [DEBUG] default - error 1
[2023-05-01T18:49:27.224] [DEBUG] default - error 2
[2023-05-01T18:49:37.232] [DEBUG] default - fetch from 1
[2023-05-01T18:49:37.233] [DEBUG] default - fetch from 2
[2023-05-01T18:49:37.233] [DEBUG] default - error 1
[2023-05-01T18:49:37.234] [DEBUG] default - error 2
[2023-05-01T18:49:47.241] [DEBUG] default - fetch from 1
[2023-05-01T18:49:47.243] [DEBUG] default - fetch from 2
[2023-05-01T18:49:47.247] [DEBUG] default - error 1
[2023-05-01T18:49:47.248] [DEBUG] default - error 2
[2023-05-01T18:49:57.249] [DEBUG] default - fetch from 1
[2023-05-01T18:49:57.251] [DEBUG] default - fetch from 2
[2023-05-01T18:49:57.252] [DEBUG] default - error 1
[2023-05-01T18:49:57.253] [DEBUG] default - error 2
[2023-05-01T18:50:07.257] [DEBUG] default - fetch from 1
[2023-05-01T18:50:07.259] [DEBUG] default - fetch from 2
[2023-05-01T18:50:07.260] [DEBUG] default - error 1
[2023-05-01T18:50:07.261] [DEBUG] default - error 2
[2023-05-01T18:50:17.265] [DEBUG] default - fetch from 1
[2023-05-01T18:50:17.266] [DEBUG] default - fetch from 2
[2023-05-01T18:50:17.266] [DEBUG] default - error 1
[2023-05-01T18:50:17.267] [DEBUG] default - error 2
[2023-05-01T18:50:25.199] [DEBUG] default - send db
[2023-05-01T18:50:27.279] [DEBUG] default - fetch from 1
[2023-05-01T18:50:27.283] [DEBUG] default - fetch from 2
[2023-05-01T18:50:27.283] [DEBUG] default - error 1
[2023-05-01T18:50:27.284] [DEBUG] default - error 2
[2023-05-01T18:50:28.152] [DEBUG] default - send db
[2023-05-01T18:50:28.708] [DEBUG] default - send db
[2023-05-01T18:50:28.858] [DEBUG] default - send db
[2023-05-01T18:50:29.080] [DEBUG] default - send db
[2023-05-01T18:50:29.331] [DEBUG] default - send db
[2023-05-01T18:50:29.528] [DEBUG] default - send db
[2023-05-01T18:50:29.708] [DEBUG] default - send db
[2023-05-01T18:50:31.892] [DEBUG] default - fetch from 1
[2023-05-01T18:50:31.893] [DEBUG] default - fetch from 2
[2023-05-01T18:50:31.894] [DEBUG] default - error 1
[2023-05-01T18:50:31.894] [DEBUG] default - error 2
[2023-05-01T18:50:37.283] [DEBUG] default - fetch from 1
[2023-05-01T18:50:37.285] [DEBUG] default - fetch from 2
[2023-05-01T18:50:37.293] [DEBUG] default - error 1
[2023-05-01T18:50:37.294] [DEBUG] default - error 2
[2023-05-01T18:50:41.895] [DEBUG] default - fetch from 1
[2023-05-01T18:50:41.896] [DEBUG] default - fetch from 2
[2023-05-01T18:50:41.897] [DEBUG] default - error 1
[2023-05-01T18:50:41.897] [DEBUG] default - error 2
[2023-05-01T18:50:47.294] [DEBUG] default - fetch from 1
[2023-05-01T18:50:47.294] [DEBUG] default - fetch from 2
[2023-05-01T18:50:47.295] [DEBUG] default - error 1
[2023-05-01T18:50:47.295] [DEBUG] default - error 2
[2023-05-01T18:50:51.910] [DEBUG] default - fetch from 1
[2023-05-01T18:50:51.913] [DEBUG] default - fetch from 2
[2023-05-01T18:50:51.918] [DEBUG] default - error 1
[2023-05-01T18:50:51.919] [DEBUG] default - error 2
[2023-05-01T18:50:57.301] [DEBUG] default - fetch from 1
[2023-05-01T18:50:57.302] [DEBUG] default - fetch from 2
[2023-05-01T18:50:57.302] [DEBUG] default - error 1
[2023-05-01T18:50:57.303] [DEBUG] default - error 2
[2023-05-01T18:51:01.920] [DEBUG] default - fetch from 1
[2023-05-01T18:51:01.922] [DEBUG] default - fetch from 2
[2023-05-01T18:51:01.925] [DEBUG] default - error 1
[2023-05-01T18:51:01.926] [DEBUG] default - error 2
[2023-05-01T18:51:07.310] [DEBUG] default - fetch from 1
[2023-05-01T18:51:07.311] [DEBUG] default - fetch from 2
[2023-05-01T18:51:07.312] [DEBUG] default - error 1
[2023-05-01T18:51:07.312] [DEBUG] default - error 2
[2023-05-01T18:51:11.931] [DEBUG] default - fetch from 1
[2023-05-01T18:51:11.932] [DEBUG] default - fetch from 2
[2023-05-01T18:51:11.932] [DEBUG] default - error 1
[2023-05-01T18:51:11.933] [DEBUG] default - error 2
[2023-05-01T18:51:17.324] [DEBUG] default - fetch from 1
[2023-05-01T18:51:17.324] [DEBUG] default - fetch from 2
[2023-05-01T18:51:17.326] [DEBUG] default - error 1
[2023-05-01T18:51:17.326] [DEBUG] default - error 2
[2023-05-01T18:51:21.939] [DEBUG] default - fetch from 1
[2023-05-01T18:51:21.939] [DEBUG] default - fetch from 2
[2023-05-01T18:51:21.940] [DEBUG] default - error 1
[2023-05-01T18:51:21.940] [DEBUG] default - error 2
[2023-05-01T18:51:27.326] [DEBUG] default - fetch from 1
[2023-05-01T18:51:27.326] [DEBUG] default - fetch from 2
[2023-05-01T18:51:27.327] [DEBUG] default - error 1
[2023-05-01T18:51:27.327] [DEBUG] default - error 2
[2023-05-01T18:51:31.950] [DEBUG] default - fetch from 1
[2023-05-01T18:51:31.951] [DEBUG] default - fetch from 2
[2023-05-01T18:51:31.952] [DEBUG] default - error 1
[2023-05-01T18:51:31.952] [DEBUG] default - error 2
[2023-05-01T18:51:37.329] [DEBUG] default - fetch from 1
[2023-05-01T18:51:37.331] [DEBUG] default - fetch from 2
[2023-05-01T18:51:37.334] [DEBUG] default - error 1
[2023-05-01T18:51:37.335] [DEBUG] default - error 2
[2023-05-01T18:51:40.237] [DEBUG] default - Moment<2023-05-01T18:51:40+03:00>
[2023-05-01T18:51:41.966] [DEBUG] default - fetch from 1
[2023-05-01T18:51:41.968] [DEBUG] default - fetch from 2
[2023-05-01T18:51:41.970] [DEBUG] default - error 1
[2023-05-01T18:51:41.971] [DEBUG] default - error 2
[2023-05-01T18:51:47.331] [DEBUG] default - fetch from 1
[2023-05-01T18:51:47.333] [DEBUG] default - fetch from 2
[2023-05-01T18:51:47.333] [DEBUG] default - error 1
[2023-05-01T18:51:47.334] [DEBUG] default - error 2
[2023-05-01T18:51:51.968] [DEBUG] default - fetch from 1
[2023-05-01T18:51:51.970] [DEBUG] default - fetch from 2
[2023-05-01T18:51:51.971] [DEBUG] default - error 1
[2023-05-01T18:51:51.972] [DEBUG] default - error 2
[2023-05-01T18:51:57.342] [DEBUG] default - fetch from 1
[2023-05-01T18:51:57.343] [DEBUG] default - fetch from 2
[2023-05-01T18:51:57.344] [DEBUG] default - error 1
[2023-05-01T18:51:57.344] [DEBUG] default - error 2
[2023-05-01T18:52:01.977] [DEBUG] default - fetch from 1
[2023-05-01T18:52:01.978] [DEBUG] default - fetch from 2
[2023-05-01T18:52:01.979] [DEBUG] default - error 1
[2023-05-01T18:52:01.980] [DEBUG] default - error 2
[2023-05-01T18:52:07.344] [DEBUG] default - fetch from 1
[2023-05-01T18:52:07.345] [DEBUG] default - fetch from 2
[2023-05-01T18:52:07.345] [DEBUG] default - error 1
[2023-05-01T18:52:07.346] [DEBUG] default - error 2
[2023-05-01T18:52:11.986] [DEBUG] default - fetch from 1
[2023-05-01T18:52:11.987] [DEBUG] default - fetch from 2
[2023-05-01T18:52:11.988] [DEBUG] default - error 1
[2023-05-01T18:52:11.988] [DEBUG] default - error 2
[2023-05-01T18:52:17.353] [DEBUG] default - fetch from 1
[2023-05-01T18:52:17.354] [DEBUG] default - fetch from 2
[2023-05-01T18:52:17.355] [DEBUG] default - error 1
[2023-05-01T18:52:17.355] [DEBUG] default - error 2
[2023-05-01T18:52:21.997] [DEBUG] default - fetch from 1
[2023-05-01T18:52:21.999] [DEBUG] default - fetch from 2
[2023-05-01T18:52:22.003] [DEBUG] default - error 1
[2023-05-01T18:52:22.004] [DEBUG] default - error 2
[2023-05-01T18:52:27.355] [DEBUG] default - fetch from 1
[2023-05-01T18:52:27.357] [DEBUG] default - fetch from 2
[2023-05-01T18:52:27.360] [DEBUG] default - error 1
[2023-05-01T18:52:27.361] [DEBUG] default - error 2
